c:\users\minh quan tran\desktop\new folder\tictactoe\tictactoe\debug\tictactoe.pch
c:\users\minh quan tran\desktop\new folder\tictactoe\tictactoe\debug\vc141.pdb
c:\users\minh quan tran\desktop\new folder\tictactoe\tictactoe\debug\vc141.idb
c:\users\minh quan tran\desktop\new folder\tictactoe\tictactoe\debug\stdafx.obj
c:\users\minh quan tran\desktop\new folder\tictactoe\tictactoe\debug\tictactoe.obj
c:\users\minh quan tran\source\repos\tictactoe\debug\tictactoe.ilk
c:\users\minh quan tran\source\repos\tictactoe\debug\tictactoe.exe
c:\users\minh quan tran\source\repos\tictactoe\debug\tictactoe.pdb
c:\users\minh quan tran\desktop\new folder\tictactoe\debug\tictactoe.exe
c:\users\minh quan tran\desktop\new folder\tictactoe\debug\tictactoe.ilk
c:\users\minh quan tran\desktop\new folder\tictactoe\debug\tictactoe.pdb
c:\users\minh quan tran\desktop\new folder\tictactoe\tictactoe\debug\tictactoe.res
c:\users\minh quan tran\desktop\new folder\tictactoe\tictactoe\debug\tictactoe.tlog\cl.command.1.tlog
c:\users\minh quan tran\desktop\new folder\tictactoe\tictactoe\debug\tictactoe.tlog\cl.read.1.tlog
c:\users\minh quan tran\desktop\new folder\tictactoe\tictactoe\debug\tictactoe.tlog\cl.write.1.tlog
c:\users\minh quan tran\desktop\new folder\tictactoe\tictactoe\debug\tictactoe.tlog\link.command.1.tlog
c:\users\minh quan tran\desktop\new folder\tictactoe\tictactoe\debug\tictactoe.tlog\link.read.1.tlog
c:\users\minh quan tran\desktop\new folder\tictactoe\tictactoe\debug\tictactoe.tlog\link.write.1.tlog
c:\users\minh quan tran\desktop\new folder\tictactoe\tictactoe\debug\tictactoe.tlog\rc.command.1.tlog
c:\users\minh quan tran\desktop\new folder\tictactoe\tictactoe\debug\tictactoe.tlog\rc.read.1.tlog
c:\users\minh quan tran\desktop\new folder\tictactoe\tictactoe\debug\tictactoe.tlog\rc.write.1.tlog
